<?xml version="1.0" encoding="UTF-8"?>
<!-- Generated by org.testng.reporters.JUnitReportReporter -->
<testsuite hostname="JARVIS" failures="0" tests="2" name="com.testngfeatures.Grouping" time="0.032" errors="0" timestamp="2023-06-28T07:31:12 IST" skipped="0">
  <testcase classname="com.testngfeatures.Grouping" name="redmi" time="0.026"/>
  <system-out/>
  <testcase classname="com.testngfeatures.Grouping" name="redmi2" time="0.006"/>
  <system-out/>
</testsuite> <!-- com.testngfeatures.Grouping -->
