<?xml version="1.0" encoding="UTF-8"?>
<!-- Generated by org.testng.reporters.JUnitReportReporter -->
<testsuite hostname="JARVIS" failures="0" tests="2" name="com.testngfeatures.CrossBrowser" time="20.589" errors="0" timestamp="2023-07-08T07:36:47 IST" skipped="0">
  <testcase classname="com.testngfeatures.CrossBrowser" name="browser" time="10.849"/>
  <system-out/>
  <testcase classname="com.testngfeatures.CrossBrowser" name="browser" time="9.740"/>
  <system-out/>
</testsuite> <!-- com.testngfeatures.CrossBrowser -->
