<?xml version="1.0" encoding="UTF-8"?>
<!-- Generated by org.testng.reporters.JUnitReportReporter -->
<testsuite hostname="JARVIS" failures="0" tests="3" name="com.testngfeatures.Ignore_Test" time="0.053" errors="0" timestamp="2023-06-27T07:38:36 IST" skipped="0">
  <testcase classname="com.testngfeatures.Ignore_Test" name="login" time="0.046"/>
  <system-out/>
  <testcase classname="com.testngfeatures.Ignore_Test" name="buyNow" time="0.006"/>
  <system-out/>
  <testcase classname="com.testngfeatures.Ignore_Test" name="payment" time="0.001"/>
  <system-out/>
</testsuite> <!-- com.testngfeatures.Ignore_Test -->
