<?xml version="1.0" encoding="UTF-8"?>
<!-- Generated by org.testng.reporters.JUnitReportReporter -->
<testsuite hostname="JARVIS" failures="0" tests="1" name="com.Project_7AM.Adactin_Login" time="56.434" errors="0" timestamp="2023-07-19T07:49:48 IST" skipped="0">
  <testcase classname="com.Project_7AM.Adactin_Login" name="login" time="56.434"/>
  <system-out/>
</testsuite> <!-- com.Project_7AM.Adactin_Login -->
