<?xml version="1.0" encoding="UTF-8"?>
<!-- Generated by org.testng.reporters.JUnitReportReporter -->
<testsuite hostname="JARVIS" failures="0" tests="2" name="com.testngfeatures.Invo" time="61.802" errors="0" timestamp="2023-06-30T07:27:57 IST" skipped="0">
  <testcase classname="com.testngfeatures.Invo" name="payment" time="51.653"/>
  <system-out/>
  <testcase classname="com.testngfeatures.Invo" name="login" time="10.149"/>
  <system-out/>
</testsuite> <!-- com.testngfeatures.Invo -->
