<?xml version="1.0" encoding="UTF-8"?>
<!-- Generated by org.testng.reporters.JUnitReportReporter -->
<testsuite hostname="JARVIS" failures="0" tests="7" name="com.testngfeatures.Data_Pro" time="73.887" errors="0" timestamp="2023-07-08T07:45:33 IST" skipped="0">
  <testcase classname="com.testngfeatures.Data_Pro" name="login" time="10.028"/>
  <system-out/>
  <testcase classname="com.testngfeatures.Data_Pro" name="login" time="7.287"/>
  <system-out/>
  <testcase classname="com.testngfeatures.Data_Pro" name="login" time="8.500"/>
  <system-out/>
  <testcase classname="com.testngfeatures.Data_Pro" name="login" time="14.193"/>
  <system-out/>
  <testcase classname="com.testngfeatures.Data_Pro" name="login" time="9.063"/>
  <system-out/>
  <testcase classname="com.testngfeatures.Data_Pro" name="login" time="13.523"/>
  <system-out/>
  <testcase classname="com.testngfeatures.Data_Pro" name="login" time="11.293"/>
  <system-out/>
</testsuite> <!-- com.testngfeatures.Data_Pro -->
