<?xml version="1.0" encoding="UTF-8"?>
<!-- Generated by org.testng.reporters.JUnitReportReporter -->
<testsuite hostname="JARVIS" failures="0" tests="4" name="com.testngfeatures.Para" time="62.770" errors="0" timestamp="2023-07-05T07:44:16 IST" skipped="0">
  <testcase classname="com.testngfeatures.Para" name="login" time="15.805"/>
  <system-out/>
  <testcase classname="com.testngfeatures.Para" name="login" time="13.965"/>
  <system-out/>
  <testcase classname="com.testngfeatures.Para" name="login" time="16.905"/>
  <system-out/>
  <testcase classname="com.testngfeatures.Para" name="login" time="16.095"/>
  <system-out/>
</testsuite> <!-- com.testngfeatures.Para -->
