<?xml version="1.0" encoding="UTF-8"?>
<!-- Generated by org.testng.reporters.JUnitReportReporter -->
<testsuite hostname="JARVIS" failures="0" tests="3" name="com.testSample.TestNG_Notes" time="0.035" errors="0" timestamp="2023-06-23T07:37:12 IST" skipped="0">
  <testcase classname="com.testSample.TestNG_Notes" name="call" time="0.024"/>
  <system-out/>
  <testcase classname="com.testSample.TestNG_Notes" name="welcome" time="0.005"/>
  <system-out/>
  <testcase classname="com.testSample.TestNG_Notes" name="hell" time="0.006"/>
  <system-out/>
</testsuite> <!-- com.testSample.TestNG_Notes -->
