<?xml version="1.0" encoding="UTF-8"?>
<!-- Generated by org.testng.reporters.JUnitReportReporter -->
<testsuite hostname="JARVIS" failures="0" tests="3" name="com.testngfeatures.Depends_Group" time="0.025" errors="0" timestamp="2023-06-30T07:06:21 IST" skipped="0">
  <testcase classname="com.testngfeatures.Depends_Group" name="iphone" time="0.003"/>
  <system-out/>
  <testcase classname="com.testngfeatures.Depends_Group" name="samsung" time="0.002"/>
  <system-out/>
  <testcase classname="com.testngfeatures.Depends_Group" name="mobile" time="0.020"/>
  <system-out/>
</testsuite> <!-- com.testngfeatures.Depends_Group -->
