<?xml version="1.0" encoding="UTF-8"?>
<!-- Generated by org.testng.reporters.JUnitReportReporter -->
<testsuite hostname="JARVIS" failures="0" tests="2" name="com.testngfeatures.BasicAnno" time="0.017" errors="0" timestamp="2023-06-28T06:57:04 IST" skipped="0">
  <testcase classname="com.testngfeatures.BasicAnno" name="atestCase2" time="0.009"/>
  <system-out/>
  <testcase classname="com.testngfeatures.BasicAnno" name="testCase1" time="0.008"/>
  <system-out/>
</testsuite> <!-- com.testngfeatures.BasicAnno -->
