<?xml version="1.0" encoding="UTF-8"?>
<!-- Generated by org.testng.reporters.JUnitReportReporter -->
<testsuite hostname="JARVIS" failures="0" tests="1" name="com.testngfeatures.Expect_Exce" time="0.019" errors="0" timestamp="2023-07-01T06:54:40 IST" skipped="0">
  <testcase classname="com.testngfeatures.Expect_Exce" name="excep" time="0.019"/>
  <system-out/>
</testsuite> <!-- com.testngfeatures.Expect_Exce -->
