<?xml version="1.0" encoding="UTF-8"?>
<!-- Generated by org.testng.reporters.JUnitReportReporter -->
<testsuite hostname="JARVIS" failures="0" tests="2" name="com.testngfeatures.Sample" time="0.019" errors="0" timestamp="2023-07-09T10:56:24 IST" skipped="0">
  <testcase classname="com.testngfeatures.Sample" name="testCase1" time="0.016"/>
  <system-out/>
  <testcase classname="com.testngfeatures.Sample" name="testCase2" time="0.003"/>
  <system-out/>
</testsuite> <!-- com.testngfeatures.Sample -->
