<?xml version="1.0" encoding="UTF-8"?>
<!-- Generated by org.testng.reporters.JUnitReportReporter -->
<testsuite hostname="JARVIS" failures="0" tests="3" name="com.testngfeatures.BrowserLanuch" time="8.717" errors="0" timestamp="2023-06-24T07:41:41 IST" skipped="0">
  <testcase classname="com.testngfeatures.BrowserLanuch" name="maxi" time="0.276"/>
  <system-out/>
  <testcase classname="com.testngfeatures.BrowserLanuch" name="url" time="1.754"/>
  <system-out/>
  <testcase classname="com.testngfeatures.BrowserLanuch" name="browser" time="6.687"/>
  <system-out/>
</testsuite> <!-- com.testngfeatures.BrowserLanuch -->
