<?xml version="1.0" encoding="UTF-8"?>
<!-- Generated by org.testng.reporters.JUnitReportReporter -->
<testsuite hostname="JARVIS" failures="0" tests="3" name="com.testngfeatures.Parallel_Test" time="33.496" errors="0" timestamp="2023-07-05T07:40:19 IST" skipped="0">
  <testcase classname="com.testngfeatures.Parallel_Test" name="meth1" time="12.257"/>
  <system-out/>
  <testcase classname="com.testngfeatures.Parallel_Test" name="meth2" time="12.890"/>
  <system-out/>
  <testcase classname="com.testngfeatures.Parallel_Test" name="meth3" time="8.349"/>
  <system-out/>
</testsuite> <!-- com.testngfeatures.Parallel_Test -->
