<?xml version="1.0" encoding="UTF-8"?>
<!-- Generated by org.testng.reporters.JUnitReportReporter -->
<testsuite hostname="JARVIS" failures="0" tests="1" name="com.Api_Method" time="3.604" errors="0" timestamp="2023-08-18T08:38:21 IST" skipped="0">
  <testcase classname="com.Api_Method" name="postDetails" time="3.604"/>
  <system-out/>
</testsuite> <!-- com.Api_Method -->
